
Showing logs for build [32mcb-kubecd-environment-pr-204-29-xl742-1[0m stage [32mfrom-build-pack[0m and container [32mstep-credential-initializer-hxbr4[0m
{"level":"info","ts":1587141671.7832723,"logger":"fallback-logger","caller":"logging/config.go:69","msg":"Fetch GitHub commit ID from kodata failed: open /var/run/ko/refs/heads/0.8.0-ns-support: no such file or directory"}
{"level":"info","ts":1587141671.7841005,"logger":"fallback-logger","caller":"creds-init/main.go:40","msg":"Credentials initialized."}

Showing logs for build [32mcb-kubecd-environment-pr-204-29-xl742-1[0m stage [32mfrom-build-pack[0m and container [32mstep-working-dir-initializer-cnfbt[0m
{"level":"info","ts":1587141672.8471582,"logger":"fallback-logger","caller":"logging/config.go:69","msg":"Fetch GitHub commit ID from kodata failed: open /var/run/ko/HEAD: no such file or directory"}
{"level":"info","ts":1587141672.8489416,"logger":"fallback-logger","caller":"bash/main.go:64","msg":"Successfully executed command \"sh -c mkdir -p /workspace/source\"; output "}

Showing logs for build [32mcb-kubecd-environment-pr-204-29-xl742-1[0m stage [32mfrom-build-pack[0m and container [32mstep-place-tools[0m

Showing logs for build [32mcb-kubecd-environment-pr-204-29-xl742-1[0m stage [32mfrom-build-pack[0m and container [32mstep-git-source-cb-kubecd-environment-pr-204-29-xl742-gb7rq[0m
{"level":"info","ts":1587141677.9535248,"logger":"fallback-logger","caller":"logging/config.go:69","msg":"Fetch GitHub commit ID from kodata failed: open /var/run/ko/refs/heads/0.8.0-ns-support: no such file or directory"}
{"level":"info","ts":1587141679.0131376,"logger":"fallback-logger","caller":"git/git.go:103","msg":"Successfully cloned https://github.com/cb-kubecd/environment-pr-204-29-boot-gke-production.git @ master in path /workspace/source"}

Showing logs for build [32mcb-kubecd-environment-pr-204-29-xl742-1[0m stage [32mfrom-build-pack[0m and container [32mstep-git-merge[0m
Using SHAs from PULL_REFS=master:5a596813ff7724922432632946bab526bf6a69a3,1:d6955d38d61d2e6337c0f2ae7c0cbe4f0255a6e6
DEBUG: LC_ALL=C JX_LOG_LEVEL=error git fetch origin --unshallow d6955d38d61d2e6337c0f2ae7c0cbe4f0255a6e6: 5a596813ff7724922432632946bab526bf6a69a3:
DEBUG: ran git fetch --unshallow origin d6955d38d61d2e6337c0f2ae7c0cbe4f0255a6e6: 5a596813ff7724922432632946bab526bf6a69a3: in 
DEBUG: LC_ALL=C JX_LOG_LEVEL=error git branch
DEBUG: LC_ALL=C JX_LOG_LEVEL=error git checkout master
DEBUG: ran git checkout master in 
DEBUG: LC_ALL=C JX_LOG_LEVEL=error git reset --hard 5a596813ff7724922432632946bab526bf6a69a3
DEBUG: ran git reset --hard 5a596813ff7724922432632946bab526bf6a69a3 in 
DEBUG: LC_ALL=C JX_LOG_LEVEL=error git clean -fd .
DEBUG: ran clean --force -d . in 
DEBUG: LC_ALL=C JX_LOG_LEVEL=error git merge d6955d38d61d2e6337c0f2ae7c0cbe4f0255a6e6
DEBUG: ran git merge d6955d38d61d2e6337c0f2ae7c0cbe4f0255a6e6 in 
DEBUG: LC_ALL=C JX_LOG_LEVEL=error git log --format=%H%x1f%an%x1f%ae%x1f%cn%x1f%ce%x1f%s%n%b%x1e 5a596813ff7724922432632946bab526bf6a69a3..HEAD
Merged SHA d6955d38d61d2e6337c0f2ae7c0cbe4f0255a6e6 with commit message 'chore: Promote bdd-spring-1587140794 to version 0.0.1' into base branch master

Showing logs for build [32mcb-kubecd-environment-pr-204-29-xl742-1[0m stage [32mfrom-build-pack[0m and container [32mstep-build-helm-build[0m
WARNING: No $CHART_REPOSITORY defined so using the default value of: http://jenkins-x-chartmuseum:8080
Adding missing Helm repo: storage.googleapis.com https://storage.googleapis.com/chartmuseum.jenkins-x.io
WARNING: No secrets found on "helm/repos" due: reading the secret "helm/repos" from vault: no secret "helm/repos" not found in vault
Read credentials for https://storage.googleapis.com/chartmuseum.jenkins-x.io from vault helm/repos
Successfully added Helm repository storage.googleapis.com.
Adding missing Helm repo: jenkins-x-chartmuseum http://jenkins-x-chartmuseum:8080
WARNING: No secrets found on "helm/repos" due: reading the secret "helm/repos" from vault: no secret "helm/repos" not found in vault
Read credentials for http://jenkins-x-chartmuseum:8080 from vault helm/repos
Successfully added Helm repository jenkins-x-chartmuseum.
WARNING: No $CHART_REPOSITORY defined so using the default value of: http://jenkins-x-chartmuseum:8080
Adding missing Helm repo: chartmuseum.jenkins-x.io http://chartmuseum.jenkins-x.io
WARNING: No secrets found on "helm/repos" due: reading the secret "helm/repos" from vault: no secret "helm/repos" not found in vault
Read credentials for http://chartmuseum.jenkins-x.io from vault helm/repos
Successfully added Helm repository chartmuseum.jenkins-x.io.
